Start testing: Jan 17 00:04 MSK
----------------------------------------------------------
1/1 Testing: SimpleTest
1/1 Test: SimpleTest
Command: "/Users/Alex/workplace/raccoochat/test/SimpleTest"
Directory: /Users/Alex/workplace/raccoochat
"SimpleTest" start time: Jan 17 00:04 MSK
Output:
----------------------------------------------------------
Running main() from gtest_main.cc
[==========] Running 2 tests from 1 test case.
[----------] Global test environment set-up.
[----------] 2 tests from SimpleTest
[ RUN      ] SimpleTest.simple
[       OK ] SimpleTest.simple (0 ms)
[ RUN      ] SimpleTest.simple2
/Users/Alex/workplace/raccoochat/raccoochat/test/SimpleTest.cpp:12: Failure
Value of: 3
Expected: a.size()
Which is: 4
[  FAILED  ] SimpleTest.simple2 (0 ms)
[----------] 2 tests from SimpleTest (0 ms total)

[----------] Global test environment tear-down
[==========] 2 tests from 1 test case ran. (0 ms total)
[  PASSED  ] 1 test.
[  FAILED  ] 1 test, listed below:
[  FAILED  ] SimpleTest.simple2

 1 FAILED TEST
<end of output>
Test time =   0.01 sec
----------------------------------------------------------
Test Failed.
"SimpleTest" end time: Jan 17 00:04 MSK
"SimpleTest" time elapsed: 00:00:00
----------------------------------------------------------

End testing: Jan 17 00:04 MSK
